  AddNewRecruitmentControl.cpp
  AddNewRecruitmentUI.cpp
  ApplyControl.cpp
  ApplyUI.cpp
  CancelApplyControl.cpp
  CancelApplyUI.cpp
  CompanyMember.cpp
  GeneralMember.cpp
  JoinControl.cpp
  JoinUI.cpp
  LogInControl.cpp
  LogInUI.cpp
  LogOutControl.cpp
  LogOutUI.cpp
  Member.cpp
  Recruitment.cpp
  Recruitments.cpp
  ShowApplyInfoControl.cpp
  ShowApplyInfoStatisticsControl.cpp
  ShowApplyInfoUI.cpp
  코드를 생성하고 있습니다...
  컴파일하고 있습니다...
  ShowMyRecruitmentsControl.cpp
  ShowMyRecruitmentsUI.cpp
  ShowRecruitmentStatisticsControl.cpp
  ShowRecruitmentsControl.cpp
  ShowRecruitmentsUI.cpp
  ShowStatisticsUI.cpp
  WithdrawalControl.cpp
  WithdrawalUI.cpp
  main.cpp
  코드를 생성하고 있습니다...
  sogongHW3.vcxproj -> C:\Users\rhgks\OneDrive\문서\GitHub\SE_TEAM\과제3 공용폴더 (코드)\x64\Debug\sogongHW3.exe
